[2025-06-04T17:55:25.455Z] 🌐 Server chạy tại http://localhost:1997
[2025-06-04T18:01:42.063Z] 🌐 Server chạy tại http://localhost:1997
[2025-06-04T18:02:02.917Z] ⚙️ Cập nhật cấu hình: {"apiKey":"cZ1Y2O0kggVEggEaPvhFcYQHS5b1EsT2OWZb8zdY9C0jGqNROvXRZHTJjnQ7OG4Q","secretKey":"oU6pZFHgEvbpD9NmFXp5ZVnYFMQ7EIkBiz88aTzvmC3SpT9nEf4fcDf0pEnFzoTc","symbol":"TRBUSDT","amount":0.12,"doubleStrategy":false,"totalInvestment":3.5}
[2025-06-04T18:02:03.012Z] 🚀 Bot đã khởi động
[2025-06-04T18:02:08.370Z] ✅ Đã mở lệnh TRBUSDT | Khối lượng: 0.002 | Giá: 54.118
[2025-06-04T18:03:24.271Z] 🔴 Đã đóng lệnh TRBUSDT | PNL: 0.00 | Lý do: Dừng thủ công
[2025-06-04T18:03:24.271Z] 🛑 Bot đã dừng
[2025-06-04T18:03:29.313Z] ⚙️ Cập nhật cấu hình: {"apiKey":"cZ1Y2O0kggVEggEaPvhFcYQHS5b1EsT2OWZb8zdY9C0jGqNROvXRZHTJjnQ7OG4Q","secretKey":"oU6pZFHgEvbpD9NmFXp5ZVnYFMQ7EIkBiz88aTzvmC3SpT9nEf4fcDf0pEnFzoTc","symbol":"TRBUSDT","amount":0.12,"doubleStrategy":false,"totalInvestment":3.5}
[2025-06-04T18:03:29.405Z] 🚀 Bot đã khởi động
[2025-06-04T18:03:33.294Z] ✅ Đã mở lệnh TRBUSDT | Khối lượng: 0.002 | Giá: 54.256
[2025-06-04T18:16:46.761Z] 🌐 Server chạy tại http://localhost:1997
[2025-06-04T18:17:47.123Z] 🌐 Server chạy tại http://localhost:1997
[2025-06-04T18:18:05.090Z] ⚙️ Cập nhật cấu hình: {"apiKey":"cZ1Y2O0kggVEggEaPvhFcYQHS5b1EsT2OWZb8zdY9C0jGqNROvXRZHTJjnQ7OG4Q","secretKey":"oU6pZFHgEvbpD9NmFXp5ZVnYFMQ7EIkBiz88aTzvmC3SpT9nEf4fcDf0pEnFzoTc","symbol":"TRBUSDT","amount":0.12,"doubleStrategy":false,"totalInvestment":3.5}
[2025-06-04T18:18:05.182Z] 🚀 Bot đã khởi động
[2025-06-04T18:18:10.183Z] Đang hủy tất cả các lệnh chờ cũ (nếu có) cho TRBUSDT...
[2025-06-04T18:18:10.472Z] Đã hủy các lệnh chờ cũ (nếu có) cho TRBUSDT.
[2025-06-04T18:18:11.134Z] Đang đặt lệnh BUY với số lượng 0.002223 cho TRBUSDT...
[2025-06-04T18:18:11.358Z] ❌ Lỗi đặt lệnh thực tế: Binance API Error 400: Precision is over the maximum defined for this asset.
[2025-06-04T18:18:11.359Z] Không thể mở lệnh TRBUSDT.
[2025-06-04T18:18:15.184Z] Đang hủy tất cả các lệnh chờ cũ (nếu có) cho TRBUSDT...
[2025-06-04T18:18:15.411Z] Đã hủy các lệnh chờ cũ (nếu có) cho TRBUSDT.
[2025-06-04T18:18:16.069Z] Đang đặt lệnh BUY với số lượng 0.002222 cho TRBUSDT...
[2025-06-04T18:18:16.285Z] ❌ Lỗi đặt lệnh thực tế: Binance API Error 400: Precision is over the maximum defined for this asset.
[2025-06-04T18:18:16.285Z] Không thể mở lệnh TRBUSDT.
[2025-06-04T18:18:20.185Z] Đang hủy tất cả các lệnh chờ cũ (nếu có) cho TRBUSDT...
[2025-06-04T18:18:20.277Z] Đã hủy các lệnh chờ cũ (nếu có) cho TRBUSDT.
[2025-06-04T18:18:20.468Z] Đang đặt lệnh BUY với số lượng 0.002222 cho TRBUSDT...
[2025-06-04T18:18:20.554Z] ❌ Lỗi đặt lệnh thực tế: Binance API Error 400: Precision is over the maximum defined for this asset.
[2025-06-04T18:18:20.554Z] Không thể mở lệnh TRBUSDT.
[2025-06-04T18:18:25.186Z] Đang hủy tất cả các lệnh chờ cũ (nếu có) cho TRBUSDT...
[2025-06-04T18:18:25.324Z] Đã hủy các lệnh chờ cũ (nếu có) cho TRBUSDT.
[2025-06-04T18:18:25.519Z] Đang đặt lệnh BUY với số lượng 0.002222 cho TRBUSDT...
[2025-06-04T18:18:25.616Z] ❌ Lỗi đặt lệnh thực tế: Binance API Error 400: Precision is over the maximum defined for this asset.
[2025-06-04T18:18:25.617Z] Không thể mở lệnh TRBUSDT.
[2025-06-04T18:18:30.186Z] Đang hủy tất cả các lệnh chờ cũ (nếu có) cho TRBUSDT...
[2025-06-04T18:18:30.638Z] Đã hủy các lệnh chờ cũ (nếu có) cho TRBUSDT.
[2025-06-04T18:18:30.691Z] Không có vị thế nào để đóng.
[2025-06-04T18:18:30.692Z] 🛑 Bot đã dừng nhưng không thể đóng vị thế hiện tại.
[2025-06-04T18:18:31.232Z] Đang đặt lệnh BUY với số lượng 0.002221 cho TRBUSDT...
[2025-06-04T18:18:31.403Z] ❌ Lỗi đặt lệnh thực tế: Binance API Error 400: Precision is over the maximum defined for this asset.
[2025-06-04T18:18:31.403Z] Không thể mở lệnh TRBUSDT.
[2025-06-04T18:22:17.650Z] 🌐 Server chạy tại http://localhost:1997
[2025-06-04T18:22:35.387Z] ⚙️ Cập nhật cấu hình: {"apiKey":"cZ1Y2O0kggVEggEaPvhFcYQHS5b1EsT2OWZb8zdY9C0jGqNROvXRZHTJjnQ7OG4Q","secretKey":"oU6pZFHgEvbpD9NmFXp5ZVnYFMQ7EIkBiz88aTzvmC3SpT9nEf4fcDf0pEnFzoTc","symbol":"TRBUSDT","amount":0.12,"doubleStrategy":false,"totalInvestment":3.5}
[2025-06-04T18:22:35.462Z] 🚀 Bot đã khởi động
[2025-06-04T18:22:40.464Z] Đang hủy tất cả các lệnh chờ cũ (nếu có) cho TRBUSDT...
[2025-06-04T18:22:40.913Z] Đã hủy các lệnh chờ cũ (nếu có) cho TRBUSDT.
[2025-06-04T18:22:41.384Z] Đang đặt lệnh BUY với số lượng 0.002227 cho TRBUSDT...
[2025-06-04T18:22:41.469Z] ❌ Lỗi đặt lệnh thực tế: Binance API Error 400: Precision is over the maximum defined for this asset.
[2025-06-04T18:22:41.469Z] Không thể mở lệnh TRBUSDT.
[2025-06-04T18:22:45.463Z] Đang hủy tất cả các lệnh chờ cũ (nếu có) cho TRBUSDT...
[2025-06-04T18:22:45.578Z] Đã hủy các lệnh chờ cũ (nếu có) cho TRBUSDT.
[2025-06-04T18:22:46.325Z] Đang đặt lệnh BUY với số lượng 0.002227 cho TRBUSDT...
[2025-06-04T18:22:46.655Z] ❌ Lỗi đặt lệnh thực tế: Binance API Error 400: Precision is over the maximum defined for this asset.
[2025-06-04T18:22:46.655Z] Không thể mở lệnh TRBUSDT.
[2025-06-04T18:22:48.993Z] Không có vị thế nào để đóng.
[2025-06-04T18:22:48.994Z] 🛑 Bot đã dừng nhưng không thể đóng vị thế hiện tại.
[2025-06-04T18:23:15.701Z] 🌐 Server chạy tại http://localhost:1997
[2025-06-04T18:23:22.927Z] ⚙️ Cập nhật cấu hình: {"apiKey":"cZ1Y2O0kggVEggEaPvhFcYQHS5b1EsT2OWZb8zdY9C0jGqNROvXRZHTJjnQ7OG4Q","secretKey":"oU6pZFHgEvbpD9NmFXp5ZVnYFMQ7EIkBiz88aTzvmC3SpT9nEf4fcDf0pEnFzoTc","symbol":"TRBUSDT","amount":0.12,"doubleStrategy":false,"totalInvestment":3.5}
[2025-06-04T18:23:23.006Z] 🚀 Bot đã khởi động
[2025-06-04T18:23:28.007Z] Đang hủy tất cả các lệnh chờ cũ (nếu có) cho TRBUSDT...
[2025-06-04T18:23:28.157Z] Đã hủy các lệnh chờ cũ (nếu có) cho TRBUSDT.
[2025-06-04T18:23:28.447Z] Số lượng tính toán (0) quá nhỏ cho TRBUSDT. MinQty là 0.1. Không thể mở lệnh.
[2025-06-04T18:23:33.007Z] Đang hủy tất cả các lệnh chờ cũ (nếu có) cho TRBUSDT...
[2025-06-04T18:23:33.091Z] Đã hủy các lệnh chờ cũ (nếu có) cho TRBUSDT.
[2025-06-04T18:23:33.383Z] Số lượng tính toán (0) quá nhỏ cho TRBUSDT. MinQty là 0.1. Không thể mở lệnh.
[2025-06-04T18:23:36.347Z] Không có vị thế nào để đóng.
[2025-06-04T18:23:36.347Z] 🛑 Bot đã dừng nhưng không thể đóng vị thế hiện tại.
[2025-06-04T18:23:42.465Z] ⚙️ Cập nhật cấu hình: {"apiKey":"cZ1Y2O0kggVEggEaPvhFcYQHS5b1EsT2OWZb8zdY9C0jGqNROvXRZHTJjnQ7OG4Q","secretKey":"oU6pZFHgEvbpD9NmFXp5ZVnYFMQ7EIkBiz88aTzvmC3SpT9nEf4fcDf0pEnFzoTc","symbol":"TRBUSDT","amount":0.2,"doubleStrategy":false,"totalInvestment":3.5}
[2025-06-04T18:23:42.576Z] 🚀 Bot đã khởi động
[2025-06-04T18:23:47.576Z] Đang hủy tất cả các lệnh chờ cũ (nếu có) cho TRBUSDT...
[2025-06-04T18:23:47.661Z] Đã hủy các lệnh chờ cũ (nếu có) cho TRBUSDT.
[2025-06-04T18:23:48.016Z] Số lượng tính toán (0) quá nhỏ cho TRBUSDT. MinQty là 0.1. Không thể mở lệnh.
[2025-06-04T18:23:52.576Z] Đang hủy tất cả các lệnh chờ cũ (nếu có) cho TRBUSDT...
[2025-06-04T18:23:52.665Z] Đã hủy các lệnh chờ cũ (nếu có) cho TRBUSDT.
[2025-06-04T18:23:52.958Z] Số lượng tính toán (0) quá nhỏ cho TRBUSDT. MinQty là 0.1. Không thể mở lệnh.
[2025-06-04T18:23:54.055Z] Không có vị thế nào để đóng.
[2025-06-04T18:23:54.056Z] 🛑 Bot đã dừng nhưng không thể đóng vị thế hiện tại.
[2025-06-04T18:37:34.738Z] 🌐 Server chạy tại http://localhost:1997
[2025-06-04T18:37:53.576Z] ⚙️ Cập nhật cấu hình: {"apiKey":"cZ1Y2O0kggVEggEaPvhFcYQHS5b1EsT2OWZb8zdY9C0jGqNROvXRZHTJjnQ7OG4Q","secretKey":"oU6pZFHgEvbpD9NmFXp5ZVnYFMQ7EIkBiz88aTzvmC3SpT9nEf4fcDf0pEnFzoTc","symbol":"TRBUSDT","amount":0.12,"doubleStrategy":false,"totalInvestment":3.5}
[2025-06-04T18:37:53.645Z] 🚀 Bot đã khởi động
[2025-06-04T18:37:58.649Z] Đang hủy tất cả các lệnh chờ cũ (nếu có) cho TRBUSDT...
[2025-06-04T18:37:58.808Z] Đã hủy các lệnh chờ cũ (nếu có) cho TRBUSDT.
[2025-06-04T18:37:59.103Z] Số lượng tính toán (0) quá nhỏ cho TRBUSDT. MinQty là 0.1. Không thể mở lệnh.
[2025-06-04T18:38:03.648Z] Đang hủy tất cả các lệnh chờ cũ (nếu có) cho TRBUSDT...
[2025-06-04T18:38:03.733Z] Đã hủy các lệnh chờ cũ (nếu có) cho TRBUSDT.
[2025-06-04T18:38:04.099Z] Số lượng tính toán (0) quá nhỏ cho TRBUSDT. MinQty là 0.1. Không thể mở lệnh.
[2025-06-04T18:38:08.379Z] Không có vị thế nào để đóng.
[2025-06-04T18:38:08.380Z] 🛑 Bot đã dừng nhưng không thể đóng vị thế hiện tại.
[2025-06-04T18:44:05.268Z] 🌐 Server chạy tại http://localhost:1997
[2025-06-04T18:44:27.244Z] ⚙️ Cập nhật cấu hình: {"apiKey":"cZ1Y2O0kggVEggEaPvhFcYQHS5b1EsT2OWZb8zdY9C0jGqNROvXRZHTJjnQ7OG4Q","secretKey":"oU6pZFHgEvbpD9NmFXp5ZVnYFMQ7EIkBiz88aTzvmC3SpT9nEf4fcDf0pEnFzoTc","symbol":"TRBUSDT","amount":0.12,"doubleStrategy":false,"totalInvestment":3.5}
[2025-06-04T18:44:27.346Z] 🚀 Bot đã khởi động
[2025-06-04T18:44:32.347Z] Đang hủy tất cả các lệnh chờ cũ (nếu có) cho TRBUSDT...
[2025-06-04T18:44:32.493Z] Đã hủy các lệnh chờ cũ (nếu có) cho TRBUSDT.
[2025-06-04T18:44:32.790Z] Số lượng tính toán (0) quá nhỏ cho TRBUSDT. MinQty là 0.1. Không thể mở lệnh.
[2025-06-04T18:44:37.346Z] Đang hủy tất cả các lệnh chờ cũ (nếu có) cho TRBUSDT...
[2025-06-04T18:44:37.432Z] Đã hủy các lệnh chờ cũ (nếu có) cho TRBUSDT.
[2025-06-04T18:44:38.047Z] Số lượng tính toán (0) quá nhỏ cho TRBUSDT. MinQty là 0.1. Không thể mở lệnh.
[2025-06-04T18:44:42.346Z] Đang hủy tất cả các lệnh chờ cũ (nếu có) cho TRBUSDT...
[2025-06-04T18:44:42.433Z] Đã hủy các lệnh chờ cũ (nếu có) cho TRBUSDT.
[2025-06-04T18:44:42.920Z] Số lượng tính toán (0) quá nhỏ cho TRBUSDT. MinQty là 0.1. Không thể mở lệnh.
[2025-06-04T18:44:44.238Z] Không có vị thế nào để đóng.
[2025-06-04T18:44:44.239Z] 🛑 Bot đã dừng nhưng không thể đóng vị thế hiện tại.
[05/06/2025, 02:27:01] 🌐 Server chạy tại http://localhost:1997
[05/06/2025, 02:27:17] ⚙️ Cập nhật cấu hình: {"apiKey":"cZ1Y2O0kggVEggEaPvhFcYQHS5b1EsT2OWZb8zdY9C0jGqNROvXRZHTJjnQ7OG4Q","secretKey":"oU6pZFHgEvbpD9NmFXp5ZVnYFMQ7EIkBiz88aTzvmC3SpT9nEf4fcDf0pEnFzoTc","symbol":"TRBUSDT","amount":0.12,"doubleStrategy":true,"totalInvestment":3.5}
[05/06/2025, 02:27:17] 🚀 Bot đã khởi động
[05/06/2025, 02:27:23] Số lượng tính toán (0) quá nhỏ cho TRBUSDT. MinQty là 0.1. Không thể mở lệnh.
[05/06/2025, 02:27:28] Số lượng tính toán (0) quá nhỏ cho TRBUSDT. MinQty là 0.1. Không thể mở lệnh.
[05/06/2025, 02:27:33] Số lượng tính toán (0) quá nhỏ cho TRBUSDT. MinQty là 0.1. Không thể mở lệnh.
[05/06/2025, 02:27:38] Số lượng tính toán (0) quá nhỏ cho TRBUSDT. MinQty là 0.1. Không thể mở lệnh.
[05/06/2025, 02:27:42] Không có vị thế nào để đóng.
[05/06/2025, 02:27:42] 🛑 Bot đã dừng
[05/06/2025, 02:31:37] 🌐 Server chạy tại http://localhost:1997
[05/06/2025, 02:31:47] ⚙️ Cập nhật cấu hình: {"apiKey":"cZ1Y2O0kggVEggEaPvhFcYQHS5b1EsT2OWZb8zdY9C0jGqNROvXRZHTJjnQ7OG4Q","secretKey":"oU6pZFHgEvbpD9NmFXp5ZVnYFMQ7EIkBiz88aTzvmC3SpT9nEf4fcDf0pEnFzoTc","symbol":"TRBUSDT","amount":0.12,"doubleStrategy":true,"totalInvestment":3.5}
[05/06/2025, 02:31:47] 🚀 Bot đã khởi động
[05/06/2025, 02:31:53] Số lượng tính toán (0) quá nhỏ cho TRBUSDT. MinQty là 0.1. Không thể mở lệnh.
[05/06/2025, 02:31:58] Số lượng tính toán (0) quá nhỏ cho TRBUSDT. MinQty là 0.1. Không thể mở lệnh.
[05/06/2025, 02:32:03] Số lượng tính toán (0) quá nhỏ cho TRBUSDT. MinQty là 0.1. Không thể mở lệnh.
[05/06/2025, 02:32:07] Không có vị thế nào để đóng.
[05/06/2025, 02:32:07] 🛑 Bot đã dừng
